<?xml version="1.0" encoding="UTF-8"?>
<!-- Generated by org.testng.reporters.JUnitReportReporter -->
<testsuite skipped="0" hostname="Raktims-MacBook-Pro.local" name="com.qa.opencart.tests.LoginPageTests" tests="3" failures="0" timestamp="25 Dec 2022 20:08:47 GMT" time="0.981" errors="0">
  <testcase name="loginpageNavigationTest" time="0.554" classname="com.qa.opencart.tests.LoginPageTests"/>
  <testcase name="forgotPwdLinkExistsTest" time="0.016" classname="com.qa.opencart.tests.LoginPageTests"/>
  <testcase name="appLoginTest" time="0.411" classname="com.qa.opencart.tests.LoginPageTests"/>
</testsuite> <!-- com.qa.opencart.tests.LoginPageTests -->
