<?xml version="1.0" encoding="UTF-8"?>
<!-- Generated by org.testng.reporters.JUnitReportReporter -->
<testsuite skipped="0" hostname="Raktims-MacBook-Pro.local" name="com.qa.opencart.tests.HomePageTest" tests="10" failures="0" timestamp="26 Dec 2022 12:29:41 GMT" time="6.072" errors="0">
  <testcase name="searchTest" time="0.682" classname="com.qa.opencart.tests.HomePageTest"/>
  <testcase name="homePageTitleTest" time="0.315" classname="com.qa.opencart.tests.HomePageTest"/>
  <testcase name="homePageUrlTest" time="0.013" classname="com.qa.opencart.tests.HomePageTest"/>
  <testcase name="searchTest" time="0.658" classname="com.qa.opencart.tests.HomePageTest"/>
  <testcase name="homePageUrlTest" time="0.087" classname="com.qa.opencart.tests.HomePageTest"/>
  <testcase name="searchTest" time="0.814" classname="com.qa.opencart.tests.HomePageTest"/>
  <testcase name="searchTest" time="0.427" classname="com.qa.opencart.tests.HomePageTest"/>
  <testcase name="homePageTitleTest" time="0.182" classname="com.qa.opencart.tests.HomePageTest"/>
  <testcase name="searchTest" time="2.101" classname="com.qa.opencart.tests.HomePageTest"/>
  <testcase name="searchTest" time="0.793" classname="com.qa.opencart.tests.HomePageTest"/>
</testsuite> <!-- com.qa.opencart.tests.HomePageTest -->
