<?xml version="1.0" encoding="UTF-8"?>
<!-- Generated by org.testng.reporters.JUnitReportReporter -->
<testsuite skipped="0" hostname="Raktims-MacBook-Pro.local" name="com.qa.opencart.tests.LoginPageTest" tests="3" failures="0" timestamp="26 Dec 2022 14:05:57 GMT" time="2.173" errors="0">
  <testcase name="loginpageNavigationTest" time="1.296" classname="com.qa.opencart.tests.LoginPageTest"/>
  <testcase name="forgotPwdLinkExistsTest" time="0.064" classname="com.qa.opencart.tests.LoginPageTest"/>
  <testcase name="appLoginTest" time="0.813" classname="com.qa.opencart.tests.LoginPageTest"/>
</testsuite> <!-- com.qa.opencart.tests.LoginPageTest -->
