<?xml version="1.0" encoding="UTF-8"?>
<!-- Generated by org.testng.reporters.JUnitReportReporter -->
<testsuite skipped="0" hostname="Raktims-MacBook-Pro.local" name="com.qa.opencart.tests.HomePageTest" tests="10" failures="0" timestamp="26 Dec 2022 14:05:57 GMT" time="6.421" errors="0">
  <testcase name="searchTest" time="0.889" classname="com.qa.opencart.tests.HomePageTest"/>
  <testcase name="searchTest" time="1.149" classname="com.qa.opencart.tests.HomePageTest"/>
  <testcase name="searchTest" time="0.665" classname="com.qa.opencart.tests.HomePageTest"/>
  <testcase name="homePageUrlTest" time="0.100" classname="com.qa.opencart.tests.HomePageTest"/>
  <testcase name="homePageTitleTest" time="0.273" classname="com.qa.opencart.tests.HomePageTest"/>
  <testcase name="searchTest" time="0.940" classname="com.qa.opencart.tests.HomePageTest"/>
  <testcase name="searchTest" time="0.749" classname="com.qa.opencart.tests.HomePageTest"/>
  <testcase name="searchTest" time="1.327" classname="com.qa.opencart.tests.HomePageTest"/>
  <testcase name="homePageUrlTest" time="0.151" classname="com.qa.opencart.tests.HomePageTest"/>
  <testcase name="homePageTitleTest" time="0.178" classname="com.qa.opencart.tests.HomePageTest"/>
</testsuite> <!-- com.qa.opencart.tests.HomePageTest -->
