<?xml version="1.0" encoding="UTF-8"?>
<!-- Generated by org.testng.reporters.JUnitReportReporter -->
<testsuite skipped="0" hostname="Raktims-MacBook-Pro.local" name="com.qa.opencart.tests.HomePageTest" tests="10" failures="0" timestamp="26 Dec 2022 17:44:34 GMT" time="3.456" errors="0">
  <testcase name="homePageTitleTest" time="0.032" classname="com.qa.opencart.tests.HomePageTest"/>
  <testcase name="searchTest" time="0.494" classname="com.qa.opencart.tests.HomePageTest"/>
  <testcase name="searchTest" time="0.454" classname="com.qa.opencart.tests.HomePageTest"/>
  <testcase name="searchTest" time="0.615" classname="com.qa.opencart.tests.HomePageTest"/>
  <testcase name="searchTest" time="0.575" classname="com.qa.opencart.tests.HomePageTest"/>
  <testcase name="searchTest" time="0.540" classname="com.qa.opencart.tests.HomePageTest"/>
  <testcase name="homePageUrlTest" time="0.154" classname="com.qa.opencart.tests.HomePageTest"/>
  <testcase name="searchTest" time="0.439" classname="com.qa.opencart.tests.HomePageTest"/>
  <testcase name="homePageUrlTest" time="0.006" classname="com.qa.opencart.tests.HomePageTest"/>
  <testcase name="homePageTitleTest" time="0.147" classname="com.qa.opencart.tests.HomePageTest"/>
</testsuite> <!-- com.qa.opencart.tests.HomePageTest -->
